undefined 
2023-03-08 13:23:6 || [ DEBUG ] :: Starting up on  
< - - - - - - - - - - - - - - - - - - - - - - - - - - - - - - - - - - > 
 
2023-03-08 13:23:51 || [ DEBUG ] :: Starting up on 172.31.128.23:3000  
< - - - - - - - - - - - - - - - - - - - - - - - - - - - - - - - - - - > 
 
2023-03-08 13:53:49 || [ DEBUG ] ::  Dev panel is enabled 
< - - - - - - - - - - - - - - - - - - - - - - - - - - - - - - - - - - > 
- - - - - > 
 
2023-03-08 14:0:14 || [ DEBUG ] :: Dev panel is enabled 
< - - - - - - - - - - - - - - - - - - - - - - - - - - - - - - - - - - > 
- - - - > 
> 
 
2023-03-08 14:28:16 || [ DEBUG ] :: Port not defined. Using default 
< - - - - - - - - - - - - - - - - - - - - - - - - - - - - - - - - - - > 
> 
 
2023-03-08 14:35:29 || [ DEBUG ] :: Dev panel is enabled 
< - - - - - - - - - - - - - - - - - - - - - - - - - - - - - - - - - - > 
- - - - > 
> 
 
2023-03-08 14:36:12 || [ DEBUG ] :: Dev panel is enabled 
< - - - - - - - - - - - - - - - - - - - - - - - - - - - - - - - - - - > 
- - - - > 
> 
 
2023-03-08 14:37:11 || [ DEBUG ] :: Dev panel is enabled 
< - - - - - - - - - - - - - - - - - - - - - - - - - - - - - - - - - - > 
- - - - > 
> 
 
2023-03-09 7:45:16 || [ DEBUG ] :: Port not defined. Using default 
< - - - - - - - - - - - - - - - - - - - - - - - - - - - - - - - - - - > 
> 
 
2023-03-09 7:55:12 || [ DEBUG ] :: Port not defined. Using default 
< - - - - - - - - - - - - - - - - - - - - - - - - - - - - - - - - - - > 
 
2023-03-09 7:55:43 || [ DEBUG ] :: [ ✔ ] Dev panel 
< - - - - - - - - - - - - - - - - - - - - - - - - - - - - - - - - - - > 
 - - - - - > 
> 
 
2023-03-09 8:15:51 || [ DEBUG ] :: [ ✔ ] Dev panel 
< - - - - - - - - - - - - - - - - - - - - - - - - - - - - - - - - - - > 
- - - - - - - > 
 
2023-03-09 8:34:32 || [ DEBUG ] :: [ ✔ ] Dev panel 
< - - - - - - - - - - - - - - - - - - - - - - - - - - - - - - - - - - > 
- - - - - - - > 
 
2023-03-09 8:37:12 || [ DEBUG ] :: [ ✔ ] Dev panel 
< - - - - - - - - - - - - - - - - - - - - - - - - - - - - - - - - - - > 
- - - - - - - > 
 
2023-03-09 8:37:33 || [ DEBUG ] :: [ ✔ ] Dev panel 
< - - - - - - - - - - - - - - - - - - - - - - - - - - - - - - - - - - > 
- - - - - - - > 
 
2023-03-09 9:14:32 || [ DEBUG ] :: [ ✔ ] Dev panel 
< - - - - - - - - - - - - - - - - - - - - - - - - - - - - - - - - - - > 
- - - - - - - > 
 
2023-03-09 9:17:39 || [ DEBUG ] :: [ ✔ ] Dev panel 
< - - - - - - - - - - - - - - - - - - - - - - - - - - - - - - - - - - > 
- - - - - - - > 
 
2023-03-09 9:19:12 || [ DEBUG ] :: [ ✔ ] Dev panel 
< - - - - - - - - - - - - - - - - - - - - - - - - - - - - - - - - - - > 
- - - - - - - > 
 
2023-03-09 9:19:26 || [ DEBUG ] :: [ ✔ ] Dev panel 
< - - - - - - - - - - - - - - - - - - - - - - - - - - - - - - - - - - > 
- - - - - - - > 
 
2023-03-09 9:22:31 || [ DEBUG ] :: [ ✔ ] Dev panel 
< - - - - - - - - - - - - - - - - - - - - - - - - - - - - - - - - - - > 
- - - - - - - > 
 
2023-03-09 9:31:47 || [ DEBUG ] :: [ ✔ ] Dev panel 
< - - - - - - - - - - - - - - - - - - - - - - - - - - - - - - - - - - > 
- - - - - - - > 
 
2023-03-09 9:31:53 || [ DEBUG ] :: [ ✔ ] Dev panel 
< - - - - - - - - - - - - - - - - - - - - - - - - - - - - - - - - - - > 
- - - - - - - > 
 
2023-03-09 11:28:49 || [ DEBUG ] :: [ ✔ ] Dev panel 
< - - - - - - - - - - - - - - - - - - - - - - - - - - - - - - - - - - > 
- - - - - - - > 
 
2023-03-09 11:29:26 || [ DEBUG ] :: [ ✔ ] Dev panel 
< - - - - - - - - - - - - - - - - - - - - - - - - - - - - - - - - - - > 
- - - - - - - > 
 
2023-03-09 11:30:1 || [ DEBUG ] :: [ ✔ ] Dev panel 
< - - - - - - - - - - - - - - - - - - - - - - - - - - - - - - - - - - > 
- - - - - - - > 
 
2023-03-09 11:54:2 || [ DEBUG ] :: Starting up on 172.31.128.51:4334  
< - - - - - - - - - - - - - - - - - - - - - - - - - - - - - - - - - - > 
 
2023-03-09 11:55:40 || [ DEBUG ] :: [ ✔ ] Dev panel 
< - - - - - - - - - - - - - - - - - - - - - - - - - - - - - - - - - - > 
- - - - - - - > 
 
2023-03-09 12:4:43 || [ DEBUG ] :: [ ✔ ] Dev panel 
< - - - - - - - - - - - - - - - - - - - - - - - - - - - - - - - - - - > 
- - - - - - - > 
 
2023-03-09 12:6:11 || [ DEBUG ] :: [ ✔ ] Dev panel 
< - - - - - - - - - - - - - - - - - - - - - - - - - - - - - - - - - - > 
- - - - - - - > 
 
2023-03-09 12:7:3 || [ DEBUG ] :: [ ✔ ] Dev panel 
< - - - - - - - - - - - - - - - - - - - - - - - - - - - - - - - - - - > 
 
2023-03-09 12:9:14 || [ DEBUG ] :: [ ✔ ] Dev panel 
< - - - - - - - - - - - - - - - - - - - - - - - - - - - - - - - - - - > 
- - - - - - - > 
 
2023-03-09 12:47:26 || [ DEBUG ] :: [ ✔ ] Dev panel 
< - - - - - - - - - - - - - - - - - - - - - - - - - - - - - - - - - - > 
- - - - - - - > 
 
2023-03-09 12:48:40 || [ DEBUG ] :: Starting up on 172.31.128.41:4334  
< - - - - - - - - - - - - - - - - - - - - - - - - - - - - - - - - - - > 
 
2023-03-09 13:26:9 || [ DEBUG ] :: Starting up on 172.31.128.94:4334  
< - - - - - - - - - - - - - - - - - - - - - - - - - - - - - - - - - - > 
 
2023-03-09 14:2:54 || [ DEBUG ] :: [ ✔ ] Dev panel 
< - - - - - - - - - - - - - - - - - - - - - - - - - - - - - - - - - - > 
- - - - - - - > 
 
2023-03-09 14:12:6 || [ DEBUG ] :: [ ✔ ] Dev panel 
< - - - - - - - - - - - - - - - - - - - - - - - - - - - - - - - - - - > 
- - - - - - - > 
 
2023-03-09 14:14:43 || [ DEBUG ] :: [ ✔ ] Dev panel 
< - - - - - - - - - - - - - - - - - - - - - - - - - - - - - - - - - - > 
- - - - - - - > 
 
2023-03-09 14:15:28 || [ DEBUG ] :: [ ✔ ] Dev panel 
< - - - - - - - - - - - - - - - - - - - - - - - - - - - - - - - - - - > 
- - - - - - - > 
 
2023-03-09 14:18:47 || [ DEBUG ] :: [ ✔ ] Dev panel 
< - - - - - - - - - - - - - - - - - - - - - - - - - - - - - - - - - - > 
- - - - - - - > 
 
2023-03-09 14:19:43 || [ DEBUG ] :: [ ✔ ] Dev panel 
< - - - - - - - - - - - - - - - - - - - - - - - - - - - - - - - - - - > 
 
2023-03-09 14:21:12 || [ DEBUG ] :: [ ✔ ] Dev panel 
< - - - - - - - - - - - - - - - - - - - - - - - - - - - - - - - - - - > 
- - - - - - - > 
 
2023-03-09 14:21:45 || [ DEBUG ] :: [ ✔ ] Dev panel 
< - - - - - - - - - - - - - - - - - - - - - - - - - - - - - - - - - - > 
 
2023-03-09 15:0:33 || [ DEBUG ] :: Starting up on 172.31.128.35:4334  
< - - - - - - - - - - - - - - - - - - - - - - - - - - - - - - - - - - > 
 
2023-03-09 17:51:34 || [ DEBUG ] :: [ ✔ ] Dev panel 
< - - - - - - - - - - - - - - - - - - - - - - - - - - - - - - - - - - > 
- - - - - - - > 
 
2023-03-10 2:50:28 || [ DEBUG ] :: [ ✔ ] Dev panel 
< - - - - - - - - - - - - - - - - - - - - - - - - - - - - - - - - - - > 
- - - - - - - > 
 
2023-03-10 4:17:0 || [ DEBUG ] :: [ ✔ ] Dev panel 
< - - - - - - - - - - - - - - - - - - - - - - - - - - - - - - - - - - > 
- - - - - - - > 
 
2023-03-10 5:3:43 || [ DEBUG ] :: [ ✔ ] Dev panel 
< - - - - - - - - - - - - - - - - - - - - - - - - - - - - - - - - - - > 
- - - - - - - > 
 
2023-03-10 5:4:6 || [ DEBUG ] :: [ ✔ ] Dev panel 
< - - - - - - - - - - - - - - - - - - - - - - - - - - - - - - - - - - > 
- - - - - - - > 
 
2023-03-10 5:4:22 || [ DEBUG ] :: [ ✔ ] Dev panel 
< - - - - - - - - - - - - - - - - - - - - - - - - - - - - - - - - - - > 
- - - - - - - > 
 
2023-03-10 5:4:45 || [ DEBUG ] :: [ ✔ ] Dev panel 
< - - - - - - - - - - - - - - - - - - - - - - - - - - - - - - - - - - > 
- - - - - - - > 
 
2023-03-10 5:5:7 || [ DEBUG ] :: [ ✔ ] Dev panel 
< - - - - - - - - - - - - - - - - - - - - - - - - - - - - - - - - - - > 
 
2023-03-10 5:6:30 || [ DEBUG ] :: [ ✔ ] Dev panel 
< - - - - - - - - - - - - - - - - - - - - - - - - - - - - - - - - - - > 
 
2023-03-10 5:8:43 || [ DEBUG ] :: [ ✔ ] Dev panel 
< - - - - - - - - - - - - - - - - - - - - - - - - - - - - - - - - - - > 
- - - - - - - > 
 
2023-03-10 5:8:56 || [ DEBUG ] :: [ ✔ ] Dev panel 
< - - - - - - - - - - - - - - - - - - - - - - - - - - - - - - - - - - > 
- - - - - - - > 
 
2023-03-10 5:10:23 || [ DEBUG ] :: [ ✔ ] Dev panel 
< - - - - - - - - - - - - - - - - - - - - - - - - - - - - - - - - - - > 
- - - - - - - > 
 
2023-03-10 5:13:0 || [ DEBUG ] :: [ ✔ ] Dev panel 
< - - - - - - - - - - - - - - - - - - - - - - - - - - - - - - - - - - > 
- - - - - - - > 
 
2023-03-10 6:50:27 || [ DEBUG ] :: [ ✔ ] Dev panel 
< - - - - - - - - - - - - - - - - - - - - - - - - - - - - - - - - - - > 
- - - - - - - > 
 
2023-03-10 7:55:8 || [ DEBUG ] :: Starting up on 172.31.128.179:4334  
< - - - - - - - - - - - - - - - - - - - - - - - - - - - - - - - - - - > 
 
2023-03-10 8:5:24 || [ DEBUG ] :: [ ✔ ] Dev panel 
< - - - - - - - - - - - - - - - - - - - - - - - - - - - - - - - - - - > 
 - - - - - - - > 
 
2023-03-10 8:15:58 || [ DEBUG ] :: Starting up on 172.31.128.179:4334  
< - - - - - - - - - - - - - - - - - - - - - - - - - - - - - - - - - - > 
 
2023-03-10 8:16:43 || [ DEBUG ] :: [ ✔ ] Api only 
< - - - - - - - - - - - - - - - - - - - - - - - - - - - - - - - - - - > 

 - - - - - - - > 
 
2023-03-10 8:16:53 || [ DEBUG ] :: [ ✔ ] Dev panel 
< - - - - - - - - - - - - - - - - - - - - - - - - - - - - - - - - - - > 
 - - - - - - - > 
 
2023-03-10 13:12:4 || [ DEBUG ] :: [ ❌ ] Api only 
< - - - - - - - - - - - - - - - - - - - - - - - - - - - - - - - - - - > 

- - - - - - - > 
 
2023-03-10 14:8:32 || [ DEBUG ] :: [ ❌ ] Api only 
< - - - - - - - - - - - - - - - - - - - - - - - - - - - - - - - - - - > 

- - - - - - - > 
 
2023-03-10 14:23:24 || [ DEBUG ] :: [ ✔ ] Dev panel 
< - - - - - - - - - - - - - - - - - - - - - - - - - - - - - - - - - - > 
- - - - - - - > 
 
2023-03-10 14:25:28 || [ DEBUG ] :: [ ❌ ] Api only 
< - - - - - - - - - - - - - - - - - - - - - - - - - - - - - - - - - - > 

- - - - - - - > 
 
2023-03-10 14:27:39 || [ DEBUG ] :: [ ❌ ] Api only 
< - - - - - - - - - - - - - - - - - - - - - - - - - - - - - - - - - - > 

- - - - - - - > 
 
2023-03-10 14:34:42 || [ DEBUG ] :: [ ❌ ] Api only 
< - - - - - - - - - - - - - - - - - - - - - - - - - - - - - - - - - - > 

 
2023-03-10 14:46:51 || [ DEBUG ] :: Starting up on 172.31.128.22:4334  
< - - - - - - - - - - - - - - - - - - - - - - - - - - - - - - - - - - > 
 
2023-03-10 14:47:31 || [ DEBUG ] :: [ ❌ ] Api only 
< - - - - - - - - - - - - - - - - - - - - - - - - - - - - - - - - - - > 

- - - - - - - > 
 
2023-03-10 14:48:51 || [ DEBUG ] :: [ ❌ ] Api only 
< - - - - - - - - - - - - - - - - - - - - - - - - - - - - - - - - - - > 

- - - - - - - > 
 
2023-03-10 14:50:15 || [ DEBUG ] :: [ ❌ ] Api only 
< - - - - - - - - - - - - - - - - - - - - - - - - - - - - - - - - - - > 

- - - - - - - > 
 
2023-03-10 14:50:20 || [ DEBUG ] :: [ ✔ ] Dev panel 
< - - - - - - - - - - - - - - - - - - - - - - - - - - - - - - - - - - > 
- - - - - - - > 
 
2023-03-10 14:50:24 || [ DEBUG ] :: [ ❌ ] Api only 
< - - - - - - - - - - - - - - - - - - - - - - - - - - - - - - - - - - > 

- - - - - - - > 
 
2023-03-10 14:50:29 || [ DEBUG ] :: [ ❌ ] Api only 
< - - - - - - - - - - - - - - - - - - - - - - - - - - - - - - - - - - > 

- - - - - - - > 
 
2023-03-10 14:50:33 || [ DEBUG ] :: [ ❌ ] Api only 
< - - - - - - - - - - - - - - - - - - - - - - - - - - - - - - - - - - > 

- - - - - - - > 
 
2023-03-10 14:50:37 || [ DEBUG ] :: [ ✔ ] Dev panel 
< - - - - - - - - - - - - - - - - - - - - - - - - - - - - - - - - - - > 
- - - - - - - > 
 
2023-03-10 14:50:42 || [ DEBUG ] :: Starting up on 172.31.128.22:4334  
< - - - - - - - - - - - - - - - - - - - - - - - - - - - - - - - - - - > 
 
2023-03-10 14:50:47 || [ DEBUG ] :: [ ✔ ] Dev panel 
< - - - - - - - - - - - - - - - - - - - - - - - - - - - - - - - - - - > 
- - - - - - - > 
 
2023-03-10 14:52:22 || [ DEBUG ] :: [ ❌ ] Api only 
< - - - - - - - - - - - - - - - - - - - - - - - - - - - - - - - - - - > 

- - - - - - - > 
 
2023-03-10 14:56:38 || [ DEBUG ] :: [ ✔ ] Dev panel 
< - - - - - - - - - - - - - - - - - - - - - - - - - - - - - - - - - - > 
- - - - - - - > 
 
2023-03-10 15:3:3 || [ DEBUG ] :: [ ✔ ] Dev panel 
< - - - - - - - - - - - - - - - - - - - - - - - - - - - - - - - - - - > 
- - - - - - - > 
 
2023-03-10 15:3:14 || [ DEBUG ] :: [ ❌ ] Api only 
< - - - - - - - - - - - - - - - - - - - - - - - - - - - - - - - - - - > 

- - - - - - - > 
 
2023-03-10 15:3:18 || [ DEBUG ] :: [ ❌ ] Api only 
< - - - - - - - - - - - - - - - - - - - - - - - - - - - - - - - - - - > 

- - - - - - - > 
 
2023-03-10 15:3:22 || [ DEBUG ] :: [ ❌ ] Api only 
< - - - - - - - - - - - - - - - - - - - - - - - - - - - - - - - - - - > 

- - - - - - - > 
 
2023-03-10 15:3:26 || [ DEBUG ] :: [ ❌ ] Api only 
< - - - - - - - - - - - - - - - - - - - - - - - - - - - - - - - - - - > 

- - - - - - - > 
 
2023-03-10 15:6:47 || [ DEBUG ] :: [ ❌ ] Api only 
< - - - - - - - - - - - - - - - - - - - - - - - - - - - - - - - - - - > 

 - - - - - - > 
 
2023-03-10 15:7:56 || [ DEBUG ] :: [ ❌ ] Api only 
< - - - - - - - - - - - - - - - - - - - - - - - - - - - - - - - - - - > 

 - - - - - - > 
 
2023-03-10 15:10:43 || [ DEBUG ] :: [ ❌ ] Api only 
< - - - - - - - - - - - - - - - - - - - - - - - - - - - - - - - - - - > 

 - - - - - - > 
 
2023-03-10 15:11:52 || [ DEBUG ] :: [ ❌ ] Api only 
< - - - - - - - - - - - - - - - - - - - - - - - - - - - - - - - - - - > 

 - - - - - - > 
 
2023-03-10 15:11:58 || [ DEBUG ] :: [ ❌ ] Api only 
< - - - - - - - - - - - - - - - - - - - - - - - - - - - - - - - - - - > 

 - - - - - - > 
 
2023-03-10 15:12:15 || [ DEBUG ] :: [ ❌ ] Api only 
< - - - - - - - - - - - - - - - - - - - - - - - - - - - - - - - - - - > 

 - - - - - - > 
 
2023-03-10 16:21:23 || [ DEBUG ] :: [ ✔ ] Dev panel 
< - - - - - - - - - - - - - - - - - - - - - - - - - - - - - - - - - - > 
- - - - - - - > 
 
2023-03-10 16:30:49 || [ DEBUG ] :: [ ❌ ] Api only 
< - - - - - - - - - - - - - - - - - - - - - - - - - - - - - - - - - - > 

- - - - - - - > 
 
2023-03-11 4:4:4 || [ DEBUG ] :: [ ❌ ] Api only 
< - - - - - - - - - - - - - - - - - - - - - - - - - - - - - - - - - - > 
- - - - - - - - > 
 
2023-03-11 4:9:29 || [ DEBUG ] :: [ ❌ ] Api only 
< - - - - - - - - - - - - - - - - - - - - - - - - - - - - - - - - - - > 

 - - - - - - - > 
 
2023-03-11 4:14:27 || [ DEBUG ] :: [ ❌ ] Api only 
< - - - - - - - - - - - - - - - - - - - - - - - - - - - - - - - - - - > 

 - - - - - - - > 
 
2023-03-11 4:14:33 || [ DEBUG ] :: [ ❌ ] Api only 
< - - - - - - - - - - - - - - - - - - - - - - - - - - - - - - - - - - > 

 - - - - - - - > 
 
2023-03-11 4:15:17 || [ DEBUG ] :: [ ✔ ] Dev panel 
< - - - - - - - - - - - - - - - - - - - - - - - - - - - - - - - - - - > 
 - - - - - - - > 
 
2023-03-11 4:16:10 || [ DEBUG ] :: Starting up on 172.31.128.110:4334  
< - - - - - - - - - - - - - - - - - - - - - - - - - - - - - - - - - - > 
 
2023-03-11 4:18:9 || [ DEBUG ] :: [ ❌ ] Api only 
< - - - - - - - - - - - - - - - - - - - - - - - - - - - - - - - - - - > 
- - - - - - - - > 
 
2023-03-11 4:19:29 || [ DEBUG ] :: Starting up on 172.31.128.110:4334  
< - - - - - - - - - - - - - - - - - - - - - - - - - - - - - - - - - - > 
 
2023-03-11 4:20:37 || [ DEBUG ] :: [ ✔ ] Dev panel 
< - - - - - - - - - - - - - - - - - - - - - - - - - - - - - - - - - - > 
 - - - - - - - > 
 
2023-03-11 4:21:59 || [ DEBUG ] :: [ ❌ ] Api only 
< - - - - - - - - - - - - - - - - - - - - - - - - - - - - - - - - - - > 

 - - - - - - - > 
 
2023-03-11 4:24:38 || [ DEBUG ] :: Starting up on 172.31.128.110:4334  
< - - - - - - - - - - - - - - - - - - - - - - - - - - - - - - - - - - > 
 
2023-03-11 5:58:56 || [ DEBUG ] :: [ ❌ ] Api only 
< - - - - - - - - - - - - - - - - - - - - - - - - - - - - - - - - - - > 

 
2023-03-11 6:11:32 || [ DEBUG ] :: [ ❌ ] Api only 
< - - - - - - - - - - - - - - - - - - - - - - - - - - - - - - - - - - > 

- - - - - - - > 
 
2023-03-11 6:11:54 || [ DEBUG ] :: [ ❌ ] Api only 
< - - - - - - - - - - - - - - - - - - - - - - - - - - - - - - - - - - > 
 
2023-03-11 6:15:14 || [ DEBUG ] :: Starting up on 172.31.128.28:4334  
< - - - - - - - - - - - - - - - - - - - - - - - - - - - - - - - - - - > 
 
2023-03-11 6:15:35 || [ DEBUG ] :: [ ❌ ] Api only 
< - - - - - - - - - - - - - - - - - - - - - - - - - - - - - - - - - - > 

- - - - - - - > 
 
2023-03-11 6:15:57 || [ DEBUG ] :: Starting up on 172.31.128.28:4334  
< - - - - - - - - - - - - - - - - - - - - - - - - - - - - - - - - - - > 
 
2023-03-11 7:25:23 || [ DEBUG ] :: [ ✔ ] Dev panel 
< - - - - - - - - - - - - - - - - - - - - - - - - - - - - - - - - - - > 
- - - - - - - > 
 
2023-03-11 7:54:18 || [ DEBUG ] :: [ ❌ ] Api only 
< - - - - - - - - - - - - - - - - - - - - - - - - - - - - - - - - - - > 

- - - - - - - > 
 
2023-03-11 8:19:19 || [ DEBUG ] :: [ ❌ ] Api only 
< - - - - - - - - - - - - - - - - - - - - - - - - - - - - - - - - - - > 

- - - - - - - > 
 
2023-03-11 8:21:17 || [ DEBUG ] :: [ ❌ ] Api only 
< - - - - - - - - - - - - - - - - - - - - - - - - - - - - - - - - - - > 

- - - - - - - > 
 
2023-03-11 8:32:18 || [ DEBUG ] :: [ ❌ ] Api only 
< - - - - - - - - - - - - - - - - - - - - - - - - - - - - - - - - - - > 

- - - - - - - > 
 
2023-03-11 8:34:47 || [ DEBUG ] :: Starting up on 172.31.128.54:4334  
< - - - - - - - - - - - - - - - - - - - - - - - - - - - - - - - - - - > 
 
2023-03-11 10:33:24 || [ DEBUG ] :: [ ❌ ] Api only 
< - - - - - - - - - - - - - - - - - - - - - - - - - - - - - - - - - - > 

- - - - - - - > 
 
2023-03-11 10:41:34 || [ DEBUG ] :: [ ❌ ] Api only 
< - - - - - - - - - - - - - - - - - - - - - - - - - - - - - - - - - - > 

- - - - - - - > 
 
2023-03-11 10:43:17 || [ DEBUG ] :: [ ❌ ] Api only 
< - - - - - - - - - - - - - - - - - - - - - - - - - - - - - - - - - - > 

- - - - - - - > 
 
2023-03-11 10:44:33 || [ DEBUG ] :: [ ❌ ] Api only 
< - - - - - - - - - - - - - - - - - - - - - - - - - - - - - - - - - - > 

- - - - - - - > 
 
2023-03-11 10:46:40 || [ DEBUG ] :: [ ❌ ] Api only 
< - - - - - - - - - - - - - - - - - - - - - - - - - - - - - - - - - - > 

- - - - - - - > 
 
2023-03-11 10:48:17 || [ DEBUG ] :: [ ❌ ] Api only 
< - - - - - - - - - - - - - - - - - - - - - - - - - - - - - - - - - - > 

- - - - - - - > 
 
2023-03-11 10:49:26 || [ DEBUG ] :: [ ❌ ] Api only 
< - - - - - - - - - - - - - - - - - - - - - - - - - - - - - - - - - - > 

- - - - - - - > 
 
2023-03-11 10:50:16 || [ DEBUG ] :: [ ❌ ] Api only 
< - - - - - - - - - - - - - - - - - - - - - - - - - - - - - - - - - - > 

- - - - - - - > 
 
2023-03-11 10:50:58 || [ DEBUG ] :: [ ❌ ] Api only 
< - - - - - - - - - - - - - - - - - - - - - - - - - - - - - - - - - - > 

- - - - - - - > 
 
2023-03-11 10:53:7 || [ DEBUG ] :: [ ❌ ] Api only 
< - - - - - - - - - - - - - - - - - - - - - - - - - - - - - - - - - - > 

- - - - - - - > 
 
2023-03-11 10:56:2 || [ DEBUG ] :: [ ❌ ] Api only 
< - - - - - - - - - - - - - - - - - - - - - - - - - - - - - - - - - - > 

- - - - - - - > 
 
2023-03-11 11:6:35 || [ DEBUG ] :: [ ❌ ] Api only 
< - - - - - - - - - - - - - - - - - - - - - - - - - - - - - - - - - - > 

- - - - - - - > 
 
2023-03-11 11:7:5 || [ DEBUG ] :: [ ❌ ] Api only 
< - - - - - - - - - - - - - - - - - - - - - - - - - - - - - - - - - - > 

- - - - - - - > 
 
2023-03-11 11:7:28 || [ DEBUG ] :: [ ❌ ] Api only 
< - - - - - - - - - - - - - - - - - - - - - - - - - - - - - - - - - - > 

- - - - - - - > 
 
2023-03-11 11:7:57 || [ DEBUG ] :: [ ❌ ] Api only 
< - - - - - - - - - - - - - - - - - - - - - - - - - - - - - - - - - - > 
 - - - - - - - > 
 
2023-03-11 11:13:2 || [ DEBUG ] :: [ ✔ ] Dev panel 
< - - - - - - - - - - - - - - - - - - - - - - - - - - - - - - - - - - > 
- - - - - - - > 
 
2023-03-11 11:15:39 || [ DEBUG ] :: [ ❌ ] Api only 
< - - - - - - - - - - - - - - - - - - - - - - - - - - - - - - - - - - > 

- - - - - - - > 
 
2023-03-11 11:37:26 || [ DEBUG ] :: [ ❌ ] Api only 
< - - - - - - - - - - - - - - - - - - - - - - - - - - - - - - - - - - > 

- - - - - - - > 
 
2023-03-11 12:20:21 || [ DEBUG ] :: [ ❌ ] Api only 
< - - - - - - - - - - - - - - - - - - - - - - - - - - - - - - - - - - > 

- - - - - - - > 
 
2023-03-11 12:22:51 || [ DEBUG ] :: [ ❌ ] Api only 
< - - - - - - - - - - - - - - - - - - - - - - - - - - - - - - - - - - > 

- - - - - - - > 
 
2023-03-11 12:25:48 || [ DEBUG ] :: [ ❌ ] Api only 
< - - - - - - - - - - - - - - - - - - - - - - - - - - - - - - - - - - > 

- - - - - - - > 
 
2023-03-11 12:26:7 || [ DEBUG ] :: [ ❌ ] Api only 
< - - - - - - - - - - - - - - - - - - - - - - - - - - - - - - - - - - > 

- - - - - - - > 
 
2023-03-11 12:27:13 || [ DEBUG ] :: [ ❌ ] Api only 
< - - - - - - - - - - - - - - - - - - - - - - - - - - - - - - - - - - > 

- - - - - - - > 
 
2023-03-11 12:31:45 || [ DEBUG ] :: [ ❌ ] Api only 
< - - - - - - - - - - - - - - - - - - - - - - - - - - - - - - - - - - > 

 - - - - - - - > 
 
2023-03-11 12:32:58 || [ DEBUG ] :: [ ❌ ] Api only 
< - - - - - - - - - - - - - - - - - - - - - - - - - - - - - - - - - - > 

 - - - - - - - > 
 
2023-03-11 12:33:46 || [ DEBUG ] :: [ ✔ ] Dev panel 
< - - - - - - - - - - - - - - - - - - - - - - - - - - - - - - - - - - > 
 - - - - - - - > 
 
2023-03-11 12:34:28 || [ DEBUG ] :: [ ❌ ] Api only 
< - - - - - - - - - - - - - - - - - - - - - - - - - - - - - - - - - - > 

 - - - - - - - > 
 
2023-03-11 12:35:50 || [ DEBUG ] :: Starting up on 172.31.128.186:4334  
< - - - - - - - - - - - - - - - - - - - - - - - - - - - - - - - - - - > 
 
2023-03-11 14:17:2 || [ DEBUG ] :: [ ✔ ] Dev panel 
< - - - - - - - - - - - - - - - - - - - - - - - - - - - - - - - - - - > 
- - - - - - - > 
 
2023-03-11 14:31:17 || [ DEBUG ] :: [ ✔ ] Dev panel 
< - - - - - - - - - - - - - - - - - - - - - - - - - - - - - - - - - - > 
- - - - - - - > 
 
2023-03-11 14:31:40 || [ DEBUG ] :: [ ❌ ] Api only 
< - - - - - - - - - - - - - - - - - - - - - - - - - - - - - - - - - - > 

- - - - - - - > 
 
2023-03-11 14:33:12 || [ DEBUG ] :: [ ❌ ] Api only 
< - - - - - - - - - - - - - - - - - - - - - - - - - - - - - - - - - - > 

- - - - - - - > 
 
2023-03-11 14:41:1 || [ DEBUG ] :: [ ❌ ] Api only 
< - - - - - - - - - - - - - - - - - - - - - - - - - - - - - - - - - - > 

- - - - - - - > 
 
2023-03-11 14:44:47 || [ DEBUG ] :: [ ❌ ] Api only 
< - - - - - - - - - - - - - - - - - - - - - - - - - - - - - - - - - - > 

- - - - - - - > 
 
2023-03-11 14:45:25 || [ DEBUG ] :: Starting up on 172.31.128.39:4334  
< - - - - - - - - - - - - - - - - - - - - - - - - - - - - - - - - - - > 
 
2023-03-11 14:45:47 || [ DEBUG ] :: [ ✔ ] Dev panel 
< - - - - - - - - - - - - - - - - - - - - - - - - - - - - - - - - - - > 
- - - - - - - > 
 
2023-03-11 14:46:4 || [ DEBUG ] :: [ ✔ ] Dev panel 
< - - - - - - - - - - - - - - - - - - - - - - - - - - - - - - - - - - > 
- - - - - - - > 
 
2023-03-11 14:47:50 || [ DEBUG ] :: [ ✔ ] Dev panel 
< - - - - - - - - - - - - - - - - - - - - - - - - - - - - - - - - - - > 
- - - - - - - > 
 
2023-03-11 14:49:28 || [ DEBUG ] :: [ ❌ ] Api only 
< - - - - - - - - - - - - - - - - - - - - - - - - - - - - - - - - - - > 
 - - - - - - - > 
